<?xml version="1.0" encoding="UTF-8"?>
<!-- Generated by org.testng.reporters.JUnitXMLReporter -->
<testsuite hostname="Dell-PC" name="Test" tests="3" failures="3" timestamp="6 Jun 2018 17:25:56 GMT" time="0.684" errors="0">
  <testcase name="test1234" time="0.015" classname="retryTransformer.sampleTest2">
    <failure type="java.lang.RuntimeException">
      <![CDATA[java.lang.RuntimeException
	at retryTransformer.sampleTest2.test1234(sampleTest2.java:33)
... Removed 24 stack frames]]>
    </failure>
  </testcase> <!-- test1234 -->
  <testcase name="test1" time="0.0" classname="retryTransformer.sampleTest">
    <failure type="java.lang.RuntimeException">
      <![CDATA[java.lang.RuntimeException
	at retryTransformer.sampleTest.test1(sampleTest.java:31)
... Removed 24 stack frames]]>
    </failure>
  </testcase> <!-- test1 -->
  <testcase name="test2" time="0.0" classname="retryTransformer.sampleTest">
    <failure type="java.lang.RuntimeException">
      <![CDATA[java.lang.RuntimeException
	at retryTransformer.sampleTest.test2(sampleTest.java:37)
... Removed 24 stack frames]]>
    </failure>
  </testcase> <!-- test2 -->
</testsuite> <!-- Test -->
